2024-44-02 18:44:01.006 [main] INFO  pages.BasePage - Scroll do elementu: By.xpath: //span[normalize-space()='Connect with us on Social Media']
2024-44-02 18:44:01.162 [main] INFO  pages.BasePage - Scroll do elementu: By.xpath: //a[@aria-label="Facebook Social Link"]
2024-44-02 18:44:02.121 [main] INFO  pages.BasePage - Scroll do elementu: By.xpath: //a[@aria-label="Instagram Social Link"]
2024-44-02 18:44:02.969 [main] INFO  pages.BasePage - Scroll do elementu: By.xpath: //a[@aria-label="LinkedIn Social Link"]
2024-48-02 18:48:35.580 [main] INFO  pages.BasePage - Czekam aż element zostanie widoczny: By.xpath: //*[contains(@id, "close-icon")]
2024-48-02 18:48:35.597 [main] INFO  pages.BasePage - Czekam aż można będzie kliknąć element: By.xpath: //*[contains(@id, "close-icon")]
2024-48-02 18:48:35.644 [main] INFO  pages.BasePage - Czekam aż można będzie kliknąć element: By.cssSelector: a[href='/halloween-party'].c1-56
2024-48-02 18:48:36.354 [main] INFO  pages.BasePage - Pobieram teskt elementu: By.xpath: //h1[@role='heading']
2024-48-02 18:48:36.354 [main] INFO  pages.BasePage - Czekam aż element zostanie widoczny: By.xpath: //h1[@role='heading']
2024-48-02 18:48:36.365 [main] INFO  pages.BasePage - Pobralem tekst elementu: By.xpath: //h1[@role='heading']
2024-48-02 18:48:36.378 [main] INFO  pages.BasePage - Czekam aż można będzie kliknąć element: By.xpath: //a[text()="I Am Hosting A Party"]
2024-48-02 18:48:37.007 [main] INFO  pages.BasePage - Czekam aż element zostanie widoczny: By.xpath: //h1[@role='heading']
2024-48-02 18:48:37.017 [main] INFO  pages.BasePage - Pobieram teskt elementu: By.xpath: //h1[@role='heading']
2024-48-02 18:48:37.017 [main] INFO  pages.BasePage - Czekam aż element zostanie widoczny: By.xpath: //h1[@role='heading']
2024-48-02 18:48:37.028 [main] INFO  pages.BasePage - Pobralem tekst elementu: By.xpath: //h1[@role='heading']
2024-48-02 18:48:37.038 [main] INFO  pages.BasePage - Czekam aż można będzie kliknąć element: By.xpath: //a[text()="Zombies"]
2024-48-02 18:48:37.455 [main] INFO  pages.BasePage - Pobieram teskt elementu: By.xpath: //span[text()="Are you bringing any guests?"]
2024-48-02 18:48:37.455 [main] INFO  pages.BasePage - Czekam aż element zostanie widoczny: By.xpath: //span[text()="Are you bringing any guests?"]
2024-48-02 18:48:37.469 [main] INFO  pages.BasePage - Pobralem tekst elementu: By.xpath: //span[text()="Are you bringing any guests?"]
2024-48-02 18:48:37.473 [main] INFO  pages.BasePage - Scrolluje do elementu: By.xpath: //input[@role="textbox"]
2024-48-02 18:48:37.724 [main] INFO  pages.BasePage - Czekam aż można będzie kliknąć element: By.xpath: //button[@type='submit']
2024-48-02 18:48:37.783 [main] INFO  pages.BasePage - Pobieram teskt elementu: By.xpath: //p[@data-aid="CONFIRM_TEXT_REND"]
2024-48-02 18:48:37.784 [main] INFO  pages.BasePage - Czekam aż element zostanie widoczny: By.xpath: //p[@data-aid="CONFIRM_TEXT_REND"]
2024-48-02 18:48:37.796 [main] INFO  pages.BasePage - Pobralem tekst elementu: By.xpath: //p[@data-aid="CONFIRM_TEXT_REND"]
2024-49-02 18:49:36.730 [main] INFO  pages.BasePage - Czekam aż element zostanie widoczny: By.xpath: //*[contains(@id, "close-icon")]
2024-49-02 18:49:36.747 [main] INFO  pages.BasePage - Czekam aż można będzie kliknąć element: By.xpath: //*[contains(@id, "close-icon")]
2024-49-02 18:49:36.787 [main] INFO  pages.BasePage - Kliknięto w: By.xpath: //*[contains(@id, "close-icon")]
2024-49-02 18:49:36.787 [main] INFO  pages.BasePage - Czekam aż element zostanie widoczny: By.cssSelector: a[href='/join-us'].c2-x
2024-49-02 18:49:36.804 [main] INFO  pages.BasePage - Czekam aż można będzie kliknąć element: By.cssSelector: a[href='/join-us'].c2-x
2024-49-02 18:49:37.302 [main] INFO  pages.BasePage - Kliknięto w: By.cssSelector: a[href='/join-us'].c2-x
2024-49-02 18:49:37.330 [main] INFO  pages.BasePage - Czekam aż element zostanie widoczny: By.xpath: //p[normalize-space()='Enter a valid email address.']
2024-49-02 18:49:37.341 [main] INFO  pages.BasePage - Pobieram teskt elementu: By.xpath: //p[normalize-space()='Enter a valid email address.']
2024-49-02 18:49:37.342 [main] INFO  pages.BasePage - Czekam aż element zostanie widoczny: By.xpath: //p[normalize-space()='Enter a valid email address.']
2024-49-02 18:49:37.354 [main] INFO  pages.BasePage - Pobralem tekst elementu: By.xpath: //p[normalize-space()='Enter a valid email address.']
2024-49-02 18:49:37.361 [main] INFO  pages.BasePage - Czekam aż element zostanie widoczny: By.xpath: //p[contains(text(),'Passwords can’t be nothing.')]
2024-49-02 18:49:37.370 [main] INFO  pages.BasePage - Pobieram teskt elementu: By.xpath: //p[contains(text(),'Passwords can’t be nothing.')]
2024-49-02 18:49:37.370 [main] INFO  pages.BasePage - Czekam aż element zostanie widoczny: By.xpath: //p[contains(text(),'Passwords can’t be nothing.')]
2024-49-02 18:49:37.381 [main] INFO  pages.BasePage - Pobralem tekst elementu: By.xpath: //p[contains(text(),'Passwords can’t be nothing.')]
2024-50-02 18:50:40.073 [main] INFO  pages.BasePage - Czekam aż element zostanie widoczny: By.xpath: //*[contains(@id, "close-icon")]
2024-50-02 18:50:40.092 [main] INFO  pages.BasePage - Czekam aż można będzie kliknąć element: By.xpath: //*[contains(@id, "close-icon")]
2024-50-02 18:50:40.128 [main] INFO  pages.BasePage - Kliknięto w: By.xpath: //*[contains(@id, "close-icon")]
2024-50-02 18:50:40.128 [main] INFO  pages.BasePage - Czekam aż element zostanie widoczny: By.cssSelector: a[href='/join-us'].c2-x
2024-50-02 18:50:40.143 [main] INFO  pages.BasePage - Emelent widoczny: By.cssSelector: a[href='/join-us'].c2-x
2024-50-02 18:50:40.147 [main] INFO  pages.BasePage - Czekam aż można będzie kliknąć element: By.cssSelector: a[href='/join-us'].c2-x
2024-50-02 18:50:40.495 [main] INFO  pages.BasePage - Kliknięto w: By.cssSelector: a[href='/join-us'].c2-x
2024-50-02 18:50:40.524 [main] INFO  pages.BasePage - Czekam aż element zostanie widoczny: By.xpath: //p[normalize-space()='Enter a valid email address.']
2024-50-02 18:50:40.535 [main] INFO  pages.BasePage - Pobieram teskt elementu: By.xpath: //p[normalize-space()='Enter a valid email address.']
2024-50-02 18:50:40.536 [main] INFO  pages.BasePage - Czekam aż element zostanie widoczny: By.xpath: //p[normalize-space()='Enter a valid email address.']
2024-50-02 18:50:40.548 [main] INFO  pages.BasePage - Pobralem tekst elementu: By.xpath: //p[normalize-space()='Enter a valid email address.']
2024-50-02 18:50:40.556 [main] INFO  pages.BasePage - Czekam aż element zostanie widoczny: By.xpath: //p[contains(text(),'Passwords can’t be nothing.')]
2024-50-02 18:50:40.565 [main] INFO  pages.BasePage - Pobieram teskt elementu: By.xpath: //p[contains(text(),'Passwords can’t be nothing.')]
2024-50-02 18:50:40.565 [main] INFO  pages.BasePage - Czekam aż element zostanie widoczny: By.xpath: //p[contains(text(),'Passwords can’t be nothing.')]
2024-50-02 18:50:40.576 [main] INFO  pages.BasePage - Pobralem tekst elementu: By.xpath: //p[contains(text(),'Passwords can’t be nothing.')]
2024-55-02 18:55:43.441 [main] INFO  pages.BasePage - Czekam aż element zostanie widoczny: By.xpath: //*[contains(@id, "close-icon")]
2024-55-02 18:55:43.458 [main] INFO  pages.BasePage - Czekam aż można będzie kliknąć element: By.xpath: //*[contains(@id, "close-icon")]
2024-55-02 18:55:43.496 [main] INFO  pages.BasePage - Kliknięto w: By.xpath: //*[contains(@id, "close-icon")]
2024-55-02 18:55:43.496 [main] INFO  pages.BasePage - Emelent widoczny: By.cssSelector: a[href='/halloween-party'].c1-56
2024-55-02 18:55:43.507 [main] INFO  pages.BasePage - Czekam aż można będzie kliknąć element: By.cssSelector: a[href='/halloween-party'].c1-56
2024-55-02 18:55:44.246 [main] INFO  pages.BasePage - Kliknięto w: By.cssSelector: a[href='/halloween-party'].c1-56
2024-55-02 18:55:44.246 [main] INFO  pages.BasePage - Emelent widoczny: By.xpath: //h1[@role='heading']
2024-55-02 18:55:44.255 [main] INFO  pages.BasePage - Pobieram teskt elementu: By.xpath: //h1[@role='heading']
2024-55-02 18:55:44.255 [main] INFO  pages.BasePage - Czekam aż element zostanie widoczny: By.xpath: //h1[@role='heading']
2024-55-02 18:55:44.267 [main] INFO  pages.BasePage - Pobralem tekst elementu: By.xpath: //h1[@role='heading']
2024-55-02 18:55:44.274 [main] INFO  pages.BasePage - Emelent widoczny: By.xpath: //a[text()="I Am Hosting A Party"]
2024-55-02 18:55:44.280 [main] INFO  pages.BasePage - Czekam aż można będzie kliknąć element: By.xpath: //a[text()="I Am Hosting A Party"]
2024-55-02 18:55:44.742 [main] INFO  pages.BasePage - Kliknięto w: By.xpath: //a[text()="I Am Hosting A Party"]
2024-55-02 18:55:44.742 [main] INFO  pages.BasePage - Czekam aż element zostanie widoczny: By.xpath: //h1[@role='heading']
2024-55-02 18:55:44.752 [main] INFO  pages.BasePage - Pobieram teskt elementu: By.xpath: //h1[@role='heading']
2024-55-02 18:55:44.752 [main] INFO  pages.BasePage - Czekam aż element zostanie widoczny: By.xpath: //h1[@role='heading']
2024-55-02 18:55:44.762 [main] INFO  pages.BasePage - Pobralem tekst elementu: By.xpath: //h1[@role='heading']
2024-55-02 18:55:44.766 [main] INFO  pages.BasePage - Emelent widoczny: By.xpath: //a[text()="Zombies"]
2024-55-02 18:55:44.771 [main] INFO  pages.BasePage - Czekam aż można będzie kliknąć element: By.xpath: //a[text()="Zombies"]
2024-55-02 18:55:45.226 [main] INFO  pages.BasePage - Kliknięto w: By.xpath: //a[text()="Zombies"]
2024-55-02 18:55:45.226 [main] INFO  pages.BasePage - Sprawdzenie tytulu strony
2024-55-02 18:55:45.227 [main] INFO  pages.BasePage - Emelent widoczny: By.xpath: //span[text()="Are you bringing any guests?"]
2024-55-02 18:55:45.233 [main] INFO  pages.BasePage - Pobieram teskt elementu: By.xpath: //span[text()="Are you bringing any guests?"]
2024-55-02 18:55:45.233 [main] INFO  pages.BasePage - Czekam aż element zostanie widoczny: By.xpath: //span[text()="Are you bringing any guests?"]
2024-55-02 18:55:45.245 [main] INFO  pages.BasePage - Pobralem tekst elementu: By.xpath: //span[text()="Are you bringing any guests?"]
2024-55-02 18:55:45.249 [main] INFO  pages.BasePage - Scrolluje do elementu: By.xpath: //input[@role="textbox"]
2024-55-02 18:55:45.486 [main] INFO  pages.BasePage - Klikam w CTA `Remind me`
2024-55-02 18:55:45.486 [main] INFO  pages.BasePage - Emelent widoczny: By.xpath: //button[@type='submit']
2024-55-02 18:55:45.495 [main] INFO  pages.BasePage - Czekam aż można będzie kliknąć element: By.xpath: //button[@type='submit']
2024-55-02 18:55:45.542 [main] INFO  pages.BasePage - Kliknięto w: By.xpath: //button[@type='submit']
2024-55-02 18:55:45.542 [main] INFO  pages.BasePage - Emelent widoczny: By.xpath: //p[@data-aid="CONFIRM_TEXT_REND"]
2024-55-02 18:55:45.555 [main] INFO  pages.BasePage - Pobieram teskt elementu: By.xpath: //p[@data-aid="CONFIRM_TEXT_REND"]
2024-55-02 18:55:45.555 [main] INFO  pages.BasePage - Czekam aż element zostanie widoczny: By.xpath: //p[@data-aid="CONFIRM_TEXT_REND"]
2024-55-02 18:55:45.567 [main] INFO  pages.BasePage - Pobralem tekst elementu: By.xpath: //p[@data-aid="CONFIRM_TEXT_REND"]
2024-57-02 18:57:17.121 [main] INFO  pages.BasePage - Czekam aż element zostanie widoczny: By.xpath: //*[contains(@id, "close-icon")]
2024-57-02 18:57:17.138 [main] INFO  pages.BasePage - Czekam aż można będzie kliknąć element: By.xpath: //*[contains(@id, "close-icon")]
2024-57-02 18:57:17.178 [main] INFO  pages.BasePage - Kliknięto w: By.xpath: //*[contains(@id, "close-icon")]
2024-57-02 18:57:17.178 [main] INFO  pages.BasePage - Emelent widoczny: By.cssSelector: a[href='/halloween-party'].c1-56
2024-57-02 18:57:17.188 [main] INFO  pages.BasePage - Czekam aż można będzie kliknąć element: By.cssSelector: a[href='/halloween-party'].c1-56
2024-57-02 18:57:17.575 [main] INFO  pages.BasePage - Kliknięto w: By.cssSelector: a[href='/halloween-party'].c1-56
2024-57-02 18:57:17.575 [main] INFO  pages.BasePage - Emelent widoczny: By.xpath: //h1[@role='heading']
2024-57-02 18:57:17.583 [main] INFO  pages.BasePage - Pobieram teskt elementu: By.xpath: //h1[@role='heading']
2024-57-02 18:57:17.583 [main] INFO  pages.BasePage - Czekam aż element zostanie widoczny: By.xpath: //h1[@role='heading']
2024-57-02 18:57:17.595 [main] INFO  pages.BasePage - Pobralem tekst elementu: By.xpath: //h1[@role='heading']
2024-57-02 18:57:17.602 [main] INFO  pages.BasePage - Emelent widoczny: By.xpath: //a[text()="I Am Hosting A Party"]
2024-57-02 18:57:17.607 [main] INFO  pages.BasePage - Czekam aż można będzie kliknąć element: By.xpath: //a[text()="I Am Hosting A Party"]
2024-57-02 18:57:17.986 [main] INFO  pages.BasePage - Kliknięto w: By.xpath: //a[text()="I Am Hosting A Party"]
2024-57-02 18:57:17.986 [main] INFO  pages.BasePage - Czekam aż element zostanie widoczny: By.xpath: //h1[@role='heading']
2024-57-02 18:57:17.994 [main] INFO  pages.BasePage - Pobieram teskt elementu: By.xpath: //h1[@role='heading']
2024-57-02 18:57:17.994 [main] INFO  pages.BasePage - Czekam aż element zostanie widoczny: By.xpath: //h1[@role='heading']
2024-57-02 18:57:18.005 [main] INFO  pages.BasePage - Pobralem tekst elementu: By.xpath: //h1[@role='heading']
2024-57-02 18:57:18.008 [main] INFO  pages.BasePage - Emelent widoczny: By.xpath: //a[text()="Zombies"]
2024-57-02 18:57:18.014 [main] INFO  pages.BasePage - Czekam aż można będzie kliknąć element: By.xpath: //a[text()="Zombies"]
2024-57-02 18:57:18.233 [main] INFO  pages.BasePage - Kliknięto w: By.xpath: //a[text()="Zombies"]
2024-57-02 18:57:18.233 [main] INFO  pages.BasePage - Sprawdzenie tytulu strony
2024-57-02 18:57:18.234 [main] INFO  pages.BasePage - Emelent widoczny: By.xpath: //span[text()="Are you bringing any guests?"]
2024-57-02 18:57:18.240 [main] INFO  pages.BasePage - Pobieram teskt elementu: By.xpath: //span[text()="Are you bringing any guests?"]
2024-57-02 18:57:18.240 [main] INFO  pages.BasePage - Czekam aż element zostanie widoczny: By.xpath: //span[text()="Are you bringing any guests?"]
2024-57-02 18:57:18.253 [main] INFO  pages.BasePage - Pobralem tekst elementu: By.xpath: //span[text()="Are you bringing any guests?"]
2024-57-02 18:57:18.257 [main] INFO  pages.BasePage - Wpisuje email
2024-57-02 18:57:18.257 [main] INFO  pages.BasePage - Scrolluje do elementu: By.xpath: //input[@role="textbox"]
2024-57-02 18:57:18.491 [main] INFO  pages.BasePage - Klikam w CTA `Remind me`
2024-57-02 18:57:18.491 [main] INFO  pages.BasePage - Emelent widoczny: By.xpath: //button[@type='submit']
2024-57-02 18:57:18.503 [main] INFO  pages.BasePage - Czekam aż można będzie kliknąć element: By.xpath: //button[@type='submit']
2024-57-02 18:57:18.549 [main] INFO  pages.BasePage - Kliknięto w: By.xpath: //button[@type='submit']
2024-57-02 18:57:18.549 [main] INFO  pages.BasePage - Srawdzam potwierdzenie po wpisaniu maila
2024-57-02 18:57:18.549 [main] INFO  pages.BasePage - Emelent widoczny: By.xpath: //p[@data-aid="CONFIRM_TEXT_REND"]
2024-57-02 18:57:18.559 [main] INFO  pages.BasePage - Pobieram teskt elementu: By.xpath: //p[@data-aid="CONFIRM_TEXT_REND"]
2024-57-02 18:57:18.559 [main] INFO  pages.BasePage - Czekam aż element zostanie widoczny: By.xpath: //p[@data-aid="CONFIRM_TEXT_REND"]
2024-57-02 18:57:18.572 [main] INFO  pages.BasePage - Pobralem tekst elementu: By.xpath: //p[@data-aid="CONFIRM_TEXT_REND"]
2024-00-02 19:00:50.726 [main] INFO  pages.BasePage - Czekam aż element zostanie widoczny: By.xpath: //*[contains(@id, "close-icon")]
2024-00-02 19:00:50.743 [main] INFO  pages.BasePage - Czekam aż można będzie kliknąć element: By.xpath: //*[contains(@id, "close-icon")]
2024-00-02 19:00:50.781 [main] INFO  pages.BasePage - Kliknięto w: By.xpath: //*[contains(@id, "close-icon")]
2024-00-02 19:00:50.781 [main] INFO  pages.BasePage - Czekam aż element zostanie widoczny: By.cssSelector: a[href='/join-us'].c2-x
2024-00-02 19:00:50.790 [main] INFO  pages.BasePage - Emelent widoczny: By.cssSelector: a[href='/join-us'].c2-x
2024-00-02 19:00:50.793 [main] INFO  pages.BasePage - Czekam aż można będzie kliknąć element: By.cssSelector: a[href='/join-us'].c2-x
2024-00-02 19:00:51.346 [main] INFO  pages.BasePage - Kliknięto w: By.cssSelector: a[href='/join-us'].c2-x
2024-00-02 19:00:52.330 [main] INFO  pages.BasePage - Sprawdzam, że `Create account` title jest widoczny
2024-00-02 19:00:52.330 [main] INFO  pages.BasePage - Emelent widoczny: By.xpath: //span[text()="Create Account"]
2024-00-02 19:00:52.337 [main] INFO  pages.BasePage - Pobieram teskt elementu: By.xpath: //span[text()="Create Account"]
2024-00-02 19:00:52.337 [main] INFO  pages.BasePage - Czekam aż element zostanie widoczny: By.xpath: //span[text()="Create Account"]
2024-00-02 19:00:52.350 [main] INFO  pages.BasePage - Pobralem tekst elementu: By.xpath: //span[text()="Create Account"]
2024-00-02 19:00:52.358 [main] INFO  pages.BasePage - Wpusuję first name
2024-00-02 19:00:52.479 [main] INFO  pages.BasePage - Wpisuję last name
2024-00-02 19:00:52.559 [main] INFO  pages.BasePage - Wpisuję email
2024-00-02 19:00:52.650 [main] INFO  pages.BasePage - Wpisuję telefon
2024-00-02 19:00:52.715 [main] INFO  pages.BasePage - Klikam `Create account`
2024-00-02 19:00:52.715 [main] INFO  pages.BasePage - Emelent widoczny: By.xpath: //button[normalize-space()='Create Account']
2024-00-02 19:00:52.721 [main] INFO  pages.BasePage - Czekam aż można będzie kliknąć element: By.xpath: //button[normalize-space()='Create Account']
2024-00-02 19:00:52.786 [main] INFO  pages.BasePage - Kliknięto w: By.xpath: //button[normalize-space()='Create Account']
2024-00-02 19:00:52.786 [main] INFO  pages.BasePage - Sprawdzam, że `Create account succes screen` jest widoczny
2024-00-02 19:00:52.786 [main] INFO  pages.BasePage - Emelent widoczny: By.xpath: //h4[@role='heading']
2024-00-02 19:00:53.523 [main] INFO  pages.BasePage - Pobieram teskt elementu: By.xpath: //h4[@role='heading']
2024-00-02 19:00:53.523 [main] INFO  pages.BasePage - Czekam aż element zostanie widoczny: By.xpath: //h4[@role='heading']
2024-00-02 19:00:53.535 [main] INFO  pages.BasePage - Pobralem tekst elementu: By.xpath: //h4[@role='heading']
2024-03-02 19:03:14.095 [main] INFO  pages.BasePage - Czekam aż element zostanie widoczny: By.xpath: //*[contains(@id, "close-icon")]
2024-03-02 19:03:14.115 [main] INFO  pages.BasePage - Czekam aż można będzie kliknąć element: By.xpath: //*[contains(@id, "close-icon")]
2024-03-02 19:03:14.150 [main] INFO  pages.BasePage - Kliknięto w: By.xpath: //*[contains(@id, "close-icon")]
2024-03-02 19:03:14.150 [main] INFO  pages.BasePage - Emelent widoczny: By.cssSelector: a[href='/halloween-party'].c1-56
2024-03-02 19:03:14.156 [main] INFO  pages.BasePage - Czekam aż można będzie kliknąć element: By.cssSelector: a[href='/halloween-party'].c1-56
2024-03-02 19:03:14.534 [main] INFO  pages.BasePage - Kliknięto w: By.cssSelector: a[href='/halloween-party'].c1-56
2024-03-02 19:03:14.534 [main] INFO  pages.BasePage - Spawdzam, że `Hallowen party title` jest widoczny
2024-03-02 19:03:14.535 [main] INFO  pages.BasePage - Emelent widoczny: By.xpath: //h1[@role='heading']
2024-03-02 19:03:14.543 [main] INFO  pages.BasePage - Pobieram teskt elementu: By.xpath: //h1[@role='heading']
2024-03-02 19:03:14.543 [main] INFO  pages.BasePage - Czekam aż element zostanie widoczny: By.xpath: //h1[@role='heading']
2024-03-02 19:03:14.556 [main] INFO  pages.BasePage - Pobralem tekst elementu: By.xpath: //h1[@role='heading']
2024-03-02 19:03:14.564 [main] INFO  pages.BasePage - Klikam CTA `Hosting party`
2024-03-02 19:03:14.564 [main] INFO  pages.BasePage - Emelent widoczny: By.xpath: //a[text()="I Am Hosting A Party"]
2024-03-02 19:03:14.570 [main] INFO  pages.BasePage - Czekam aż można będzie kliknąć element: By.xpath: //a[text()="I Am Hosting A Party"]
2024-03-02 19:03:15.074 [main] INFO  pages.BasePage - Kliknięto w: By.xpath: //a[text()="I Am Hosting A Party"]
2024-03-02 19:03:15.074 [main] INFO  pages.BasePage - Czekam aż element zostanie widoczny: By.xpath: //h1[@role='heading']
2024-03-02 19:03:15.082 [main] INFO  pages.BasePage - Pobieram teskt elementu: By.xpath: //h1[@role='heading']
2024-03-02 19:03:15.082 [main] INFO  pages.BasePage - Czekam aż element zostanie widoczny: By.xpath: //h1[@role='heading']
2024-03-02 19:03:15.093 [main] INFO  pages.BasePage - Pobralem tekst elementu: By.xpath: //h1[@role='heading']
2024-03-02 19:03:15.096 [main] INFO  pages.BasePage - Emelent widoczny: By.xpath: //a[text()="Zombies"]
2024-03-02 19:03:15.102 [main] INFO  pages.BasePage - Czekam aż można będzie kliknąć element: By.xpath: //a[text()="Zombies"]
2024-03-02 19:03:15.374 [main] INFO  pages.BasePage - Kliknięto w: By.xpath: //a[text()="Zombies"]
2024-03-02 19:03:15.375 [main] INFO  pages.BasePage - Sprawdzenie tytulu strony
2024-03-02 19:03:15.375 [main] INFO  pages.BasePage - Emelent widoczny: By.xpath: //span[text()="Are you bringing any guests?"]
2024-03-02 19:03:15.381 [main] INFO  pages.BasePage - Pobieram teskt elementu: By.xpath: //span[text()="Are you bringing any guests?"]
2024-03-02 19:03:15.381 [main] INFO  pages.BasePage - Czekam aż element zostanie widoczny: By.xpath: //span[text()="Are you bringing any guests?"]
2024-03-02 19:03:15.393 [main] INFO  pages.BasePage - Pobralem tekst elementu: By.xpath: //span[text()="Are you bringing any guests?"]
2024-03-02 19:03:15.397 [main] INFO  pages.BasePage - Wpisuję email
2024-03-02 19:03:15.397 [main] INFO  pages.BasePage - Scrolluje do elementu: By.xpath: //input[@role="textbox"]
2024-03-02 19:03:15.632 [main] INFO  pages.BasePage - Klikam w CTA `Remind me`
2024-03-02 19:03:15.633 [main] INFO  pages.BasePage - Emelent widoczny: By.xpath: //button[@type='submit']
2024-03-02 19:03:15.642 [main] INFO  pages.BasePage - Czekam aż można będzie kliknąć element: By.xpath: //button[@type='submit']
2024-03-02 19:03:15.698 [main] INFO  pages.BasePage - Kliknięto w: By.xpath: //button[@type='submit']
2024-03-02 19:03:15.698 [main] INFO  pages.BasePage - Srawdzam potwierdzenie po wpisaniu maila
2024-03-02 19:03:15.699 [main] INFO  pages.BasePage - Emelent widoczny: By.xpath: //p[@data-aid="CONFIRM_TEXT_REND"]
2024-03-02 19:03:15.709 [main] INFO  pages.BasePage - Pobieram teskt elementu: By.xpath: //p[@data-aid="CONFIRM_TEXT_REND"]
2024-03-02 19:03:15.709 [main] INFO  pages.BasePage - Czekam aż element zostanie widoczny: By.xpath: //p[@data-aid="CONFIRM_TEXT_REND"]
2024-03-02 19:03:15.722 [main] INFO  pages.BasePage - Pobralem tekst elementu: By.xpath: //p[@data-aid="CONFIRM_TEXT_REND"]
2024-10-02 19:10:48.849 [main] INFO  pages.BasePage - Otwieram strone CandyMapper
2024-10-02 19:10:50.158 [main] INFO  pages.BasePage - Zamykam popup
2024-10-02 19:10:50.159 [main] INFO  pages.BasePage - Czekam aż element zostanie widoczny: By.xpath: //*[contains(@id, "close-icon")]
2024-10-02 19:10:50.175 [main] INFO  pages.BasePage - Czekam aż można będzie kliknąć element: By.xpath: //*[contains(@id, "close-icon")]
2024-10-02 19:10:50.216 [main] INFO  pages.BasePage - Kliknięto w: By.xpath: //*[contains(@id, "close-icon")]
2024-10-02 19:10:50.217 [main] INFO  pages.BasePage - Wybieram odpowiedni kraj z listy 
2024-10-02 19:10:50.217 [main] INFO  pages.BasePage - Scrolluje do elementu: By.xpath: //span[normalize-space()='Validate Random Dollar Amounts']
2024-10-02 19:10:50.350 [main] INFO  pages.BasePage - Szukam iframe na stronie
2024-10-02 19:10:50.358 [main] INFO  pages.BasePage - Robię swticha na iframe
2024-10-02 19:10:50.367 [main] INFO  pages.BasePage - Pobieram listę drobdown
2024-10-02 19:10:50.521 [main] INFO  pages.BasePage - Robię switcha na web
2024-14-02 19:14:12.163 [main] INFO  pages.BasePage - Otwieram strone CandyMapper
2024-14-02 19:14:13.393 [main] INFO  pages.BasePage - Zamykam popup
2024-14-02 19:14:13.396 [main] INFO  pages.BasePage - Czekam aż element zostanie widoczny: By.xpath: //*[contains(@id, "close-icon")]
2024-14-02 19:14:13.411 [main] INFO  pages.BasePage - Czekam aż można będzie kliknąć element: By.xpath: //*[contains(@id, "close-icon")]
2024-14-02 19:14:13.453 [main] INFO  pages.BasePage - Kliknięto w: By.xpath: //*[contains(@id, "close-icon")]
2024-14-02 19:14:13.453 [main] INFO  pages.BasePage - Wybieram odpowiedni kraj z listy 
2024-14-02 19:14:13.453 [main] INFO  pages.BasePage - Scrolluje do elementu: By.xpath: //span[normalize-space()='Validate Random Dollar Amounts']
2024-14-02 19:14:13.575 [main] INFO  pages.BasePage - Szukam iframe na stronie
2024-14-02 19:14:13.581 [main] INFO  pages.BasePage - Robię swticha na iframe
2024-14-02 19:14:13.592 [main] INFO  pages.BasePage - Pobieram listę dropdown
2024-14-02 19:14:13.601 [main] INFO  pages.BasePage - Sprawdzam listę krajów
2024-14-02 19:14:13.743 [main] INFO  pages.BasePage - Element Rutlandjest znalieziony
2024-14-02 19:14:13.753 [main] INFO  pages.BasePage - Robię switcha na web
2024-15-02 19:15:36.110 [main] INFO  pages.BasePage - Otwieram strone CandyMapper
2024-15-02 19:15:37.361 [main] INFO  pages.BasePage - Zamykam popup
2024-15-02 19:15:37.364 [main] INFO  pages.BasePage - Czekam aż element zostanie widoczny: By.xpath: //*[contains(@id, "close-icon")]
2024-15-02 19:15:37.379 [main] INFO  pages.BasePage - Czekam aż można będzie kliknąć element: By.xpath: //*[contains(@id, "close-icon")]
2024-15-02 19:15:37.421 [main] INFO  pages.BasePage - Kliknięto w: By.xpath: //*[contains(@id, "close-icon")]
2024-15-02 19:15:37.421 [main] INFO  pages.BasePage - Wybieram odpowiedni kraj z listy 
2024-15-02 19:15:37.422 [main] INFO  pages.BasePage - Scrolluje do elementu: By.xpath: //span[normalize-space()='Validate Random Dollar Amounts']
2024-15-02 19:15:37.560 [main] INFO  pages.BasePage - Szukam iframe na stronie
2024-15-02 19:15:37.567 [main] INFO  pages.BasePage - Robię swticha na iframe
2024-15-02 19:15:37.576 [main] INFO  pages.BasePage - Pobieram listę dropdown
2024-15-02 19:15:37.585 [main] INFO  pages.BasePage - Sprawdzam listę krajów
2024-15-02 19:15:37.720 [main] INFO  pages.BasePage - Kraj Rutlandznajduje się na liście
2024-15-02 19:15:37.731 [main] INFO  pages.BasePage - Wybrano kraj: Rutland
2024-15-02 19:15:37.731 [main] INFO  pages.BasePage - Robię switcha na web
2024-15-02 19:15:56.508 [main] INFO  pages.BasePage - Otwieram strone CandyMapper
2024-15-02 19:15:57.816 [main] INFO  pages.BasePage - Zamykam popup
2024-15-02 19:15:57.817 [main] INFO  pages.BasePage - Czekam aż element zostanie widoczny: By.xpath: //*[contains(@id, "close-icon")]
2024-15-02 19:15:57.833 [main] INFO  pages.BasePage - Czekam aż można będzie kliknąć element: By.xpath: //*[contains(@id, "close-icon")]
2024-15-02 19:15:57.875 [main] INFO  pages.BasePage - Kliknięto w: By.xpath: //*[contains(@id, "close-icon")]
2024-15-02 19:15:57.875 [main] INFO  pages.BasePage - Wybieram odpowiedni kraj z listy 
2024-15-02 19:15:57.876 [main] INFO  pages.BasePage - Scrolluje do elementu: By.xpath: //span[normalize-space()='Validate Random Dollar Amounts']
2024-15-02 19:15:58.008 [main] INFO  pages.BasePage - Szukam iframe na stronie
2024-15-02 19:15:58.015 [main] INFO  pages.BasePage - Robię swticha na iframe
2024-15-02 19:15:58.024 [main] INFO  pages.BasePage - Pobieram listę dropdown
2024-15-02 19:15:58.033 [main] INFO  pages.BasePage - Sprawdzam listę krajów
2024-15-02 19:15:58.165 [main] INFO  pages.BasePage - Kraj Rutland znajduje się na liście
2024-15-02 19:15:58.175 [main] INFO  pages.BasePage - Wybrano kraj: Rutland
2024-15-02 19:15:58.175 [main] INFO  pages.BasePage - Robię switcha na web
2024-17-02 19:17:03.590 [main] INFO  pages.BasePage - Otwieram strone CandyMapper
2024-17-02 19:17:04.890 [main] INFO  pages.BasePage - Zamykam popup
2024-17-02 19:17:04.891 [main] INFO  pages.BasePage - Czekam aż element zostanie widoczny: By.xpath: //*[contains(@id, "close-icon")]
2024-17-02 19:17:04.907 [main] INFO  pages.BasePage - Czekam aż można będzie kliknąć element: By.xpath: //*[contains(@id, "close-icon")]
2024-17-02 19:17:04.947 [main] INFO  pages.BasePage - Kliknięto w: By.xpath: //*[contains(@id, "close-icon")]
2024-17-02 19:17:04.947 [main] INFO  pages.BasePage - Wybieram odpowiedni kraj z listy 
2024-17-02 19:17:04.947 [main] INFO  pages.BasePage - Scrolluje do elementu: By.xpath: //span[normalize-space()='Validate Random Dollar Amounts']
2024-17-02 19:17:05.076 [main] INFO  pages.BasePage - Szukam iframe na stronie
2024-17-02 19:17:05.082 [main] INFO  pages.BasePage - Robię swticha na iframe
2024-17-02 19:17:05.092 [main] INFO  pages.BasePage - Pobieram listę dropdown
2024-17-02 19:17:05.101 [main] INFO  pages.BasePage - Sprawdzam listę krajów
2024-19-02 19:19:56.294 [main] INFO  pages.BasePage - Otwieram strone CandyMapper
2024-19-02 19:19:57.495 [main] INFO  pages.BasePage - Zamykam popup
2024-19-02 19:19:57.496 [main] INFO  pages.BasePage - Czekam aż element zostanie widoczny: By.xpath: //*[contains(@id, "close-icon")]
2024-19-02 19:19:57.514 [main] INFO  pages.BasePage - Czekam aż można będzie kliknąć element: By.xpath: //*[contains(@id, "close-icon")]
2024-19-02 19:19:57.554 [main] INFO  pages.BasePage - Kliknięto w: By.xpath: //*[contains(@id, "close-icon")]
2024-19-02 19:19:57.555 [main] INFO  pages.BasePage - Sprawdzam tytul `Sharing to social media`
2024-19-02 19:19:57.555 [main] INFO  pages.BasePage - Scrolluje do elementu: By.xpath: //span[normalize-space()='Connect with us on Social Media']
2024-19-02 19:19:57.681 [main] INFO  pages.BasePage - Emelent widoczny: By.xpath: //span[normalize-space()='Connect with us on Social Media']
2024-19-02 19:19:57.686 [main] INFO  pages.BasePage - Pobieram teskt elementu: By.xpath: //span[normalize-space()='Connect with us on Social Media']
2024-19-02 19:19:57.686 [main] INFO  pages.BasePage - Czekam aż element zostanie widoczny: By.xpath: //span[normalize-space()='Connect with us on Social Media']
2024-19-02 19:19:57.698 [main] INFO  pages.BasePage - Pobralem tekst elementu: By.xpath: //span[normalize-space()='Connect with us on Social Media']
2024-19-02 19:19:57.705 [main] INFO  pages.BasePage - Sprawdzam link facebook
2024-19-02 19:19:57.705 [main] INFO  pages.BasePage - Scrolluje do elementu: By.xpath: //a[@aria-label="Facebook Social Link"]
2024-19-02 19:19:57.832 [main] INFO  pages.BasePage - Emelent widoczny: By.xpath: //a[@aria-label="Facebook Social Link"]
2024-19-02 19:19:57.840 [main] INFO  pages.BasePage - Pobieram linki na stronie
2024-19-02 19:19:58.683 [main] INFO  pages.BasePage - Sprawdzam link instgram
2024-19-02 19:19:58.683 [main] INFO  pages.BasePage - Scrolluje do elementu: By.xpath: //a[@aria-label="Instagram Social Link"]
2024-19-02 19:19:58.815 [main] INFO  pages.BasePage - Emelent widoczny: By.xpath: //a[@aria-label="Instagram Social Link"]
2024-19-02 19:19:58.823 [main] INFO  pages.BasePage - Pobieram linki na stronie
2024-19-02 19:19:59.468 [main] INFO  pages.BasePage - Sprawdzam link linkedin
2024-19-02 19:19:59.468 [main] INFO  pages.BasePage - Scrolluje do elementu: By.xpath: //a[@aria-label="LinkedIn Social Link"]
2024-19-02 19:19:59.595 [main] INFO  pages.BasePage - Emelent widoczny: By.xpath: //a[@aria-label="LinkedIn Social Link"]
2024-19-02 19:19:59.603 [main] INFO  pages.BasePage - Pobieram linki na stronie
2024-24-02 19:24:31.008 [main] INFO  pages.BasePage - Otwieram strone CandyMapper
2024-24-02 19:24:32.396 [main] INFO  pages.BasePage - Zamykam popup
2024-24-02 19:24:32.397 [main] INFO  pages.BasePage - Czekam aż element zostanie widoczny: By.xpath: //*[contains(@id, "close-icon")]
2024-24-02 19:24:32.413 [main] INFO  pages.BasePage - Czekam aż można będzie kliknąć element: By.xpath: //*[contains(@id, "close-icon")]
2024-24-02 19:24:32.454 [main] INFO  pages.BasePage - Kliknięto w: By.xpath: //*[contains(@id, "close-icon")]
2024-24-02 19:24:32.455 [main] INFO  pages.BasePage - Sprawdzam tytul `Sharing to social media`
2024-24-02 19:24:32.455 [main] INFO  pages.BasePage - Scrolluje do elementu: By.xpath: //span[normalize-space()='Connect with us on Social Media']
2024-24-02 19:24:32.583 [main] INFO  pages.BasePage - Emelent widoczny: By.xpath: //span[normalize-space()='Connect with us on Social Media']
2024-24-02 19:24:32.588 [main] INFO  pages.BasePage - Pobieram teskt elementu: By.xpath: //span[normalize-space()='Connect with us on Social Media']
2024-24-02 19:24:32.588 [main] INFO  pages.BasePage - Czekam aż element zostanie widoczny: By.xpath: //span[normalize-space()='Connect with us on Social Media']
2024-24-02 19:24:32.599 [main] INFO  pages.BasePage - Pobralem tekst elementu: By.xpath: //span[normalize-space()='Connect with us on Social Media']
2024-24-02 19:24:32.606 [main] INFO  pages.BasePage - Sprawdzam link facebook
2024-24-02 19:24:32.606 [main] INFO  pages.BasePage - Scrolluje do elementu: By.xpath: //a[@aria-label="Facebook Social Link"]
2024-24-02 19:24:32.734 [main] INFO  pages.BasePage - Emelent widoczny: By.xpath: //a[@aria-label="Facebook Social Link"]
2024-24-02 19:24:32.742 [main] INFO  pages.BasePage - Pobieram link
2024-24-02 19:24:32.747 [main] INFO  pages.BasePage - Sprawdzam, że link nie jest null
2024-24-02 19:24:32.748 [main] INFO  pages.BasePage - Sprawdzam request
2024-24-02 19:24:32.926 [main] INFO  pages.BasePage - Pobieram kod odpowiedzi
2024-24-02 19:24:33.557 [main] INFO  pages.BasePage - Sprawdzam link instgram
2024-24-02 19:24:33.557 [main] INFO  pages.BasePage - Scrolluje do elementu: By.xpath: //a[@aria-label="Instagram Social Link"]
2024-24-02 19:24:33.684 [main] INFO  pages.BasePage - Emelent widoczny: By.xpath: //a[@aria-label="Instagram Social Link"]
2024-24-02 19:24:33.699 [main] INFO  pages.BasePage - Pobieram link
2024-24-02 19:24:33.702 [main] INFO  pages.BasePage - Sprawdzam, że link nie jest null
2024-24-02 19:24:33.703 [main] INFO  pages.BasePage - Sprawdzam request
2024-24-02 19:24:33.822 [main] INFO  pages.BasePage - Pobieram kod odpowiedzi
2024-24-02 19:24:34.314 [main] INFO  pages.BasePage - Sprawdzam link linkedin
2024-24-02 19:24:34.314 [main] INFO  pages.BasePage - Scrolluje do elementu: By.xpath: //a[@aria-label="LinkedIn Social Link"]
2024-24-02 19:24:34.448 [main] INFO  pages.BasePage - Emelent widoczny: By.xpath: //a[@aria-label="LinkedIn Social Link"]
2024-24-02 19:24:34.455 [main] INFO  pages.BasePage - Pobieram link
2024-24-02 19:24:34.458 [main] INFO  pages.BasePage - Sprawdzam, że link nie jest null
2024-24-02 19:24:34.458 [main] INFO  pages.BasePage - Sprawdzam request
2024-24-02 19:24:34.547 [main] INFO  pages.BasePage - Pobieram kod odpowiedzi
2024-27-02 19:27:21.231 [main] INFO  pages.BasePage - Otwieram strone CandyMapper
2024-27-02 19:27:22.501 [main] INFO  pages.BasePage - Zamykam popup
2024-27-02 19:27:22.503 [main] INFO  pages.BasePage - Czekam aż element zostanie widoczny: By.xpath: //*[contains(@id, "close-icon")]
2024-27-02 19:27:22.517 [main] INFO  pages.BasePage - Czekam aż można będzie kliknąć element: By.xpath: //*[contains(@id, "close-icon")]
2024-27-02 19:27:22.556 [main] INFO  pages.BasePage - Kliknięto w: By.xpath: //*[contains(@id, "close-icon")]
2024-27-02 19:27:22.557 [main] INFO  pages.BasePage - Klikam `Joun us`
2024-27-02 19:27:22.557 [main] INFO  pages.BasePage - Czekam aż element zostanie widoczny: By.cssSelector: a[href='/join-us'].c2-x
2024-27-02 19:27:22.574 [main] INFO  pages.BasePage - Emelent widoczny: By.cssSelector: a[href='/join-us'].c2-x
2024-27-02 19:27:22.578 [main] INFO  pages.BasePage - Czekam aż można będzie kliknąć element: By.cssSelector: a[href='/join-us'].c2-x
2024-27-02 19:27:22.953 [main] INFO  pages.BasePage - Kliknięto w: By.cssSelector: a[href='/join-us'].c2-x
2024-27-02 19:27:22.954 [main] INFO  pages.BasePage - Klikam submit
2024-27-02 19:27:22.986 [main] INFO  pages.BasePage - Sprawdzam komunikat walidacyjny dla maila
2024-27-02 19:27:22.986 [main] INFO  pages.BasePage - Czekam aż element zostanie widoczny: By.xpath: //p[normalize-space()='Enter a valid email address.']
2024-27-02 19:27:22.996 [main] INFO  pages.BasePage - Pobieram teskt elementu: By.xpath: //p[normalize-space()='Enter a valid email address.']
2024-27-02 19:27:22.997 [main] INFO  pages.BasePage - Czekam aż element zostanie widoczny: By.xpath: //p[normalize-space()='Enter a valid email address.']
2024-27-02 19:27:23.009 [main] INFO  pages.BasePage - Pobralem tekst elementu: By.xpath: //p[normalize-space()='Enter a valid email address.']
2024-27-02 19:27:23.016 [main] INFO  pages.BasePage - Sprawdzam komunikat walidacyjny dla hasłą
2024-27-02 19:27:23.016 [main] INFO  pages.BasePage - Czekam aż element zostanie widoczny: By.xpath: //p[contains(text(),'Passwords can’t be nothing.')]
2024-27-02 19:27:23.026 [main] INFO  pages.BasePage - Pobieram teskt elementu: By.xpath: //p[contains(text(),'Passwords can’t be nothing.')]
2024-27-02 19:27:23.026 [main] INFO  pages.BasePage - Czekam aż element zostanie widoczny: By.xpath: //p[contains(text(),'Passwords can’t be nothing.')]
2024-27-02 19:27:23.038 [main] INFO  pages.BasePage - Pobralem tekst elementu: By.xpath: //p[contains(text(),'Passwords can’t be nothing.')]
2024-30-02 19:30:12.520 [main] INFO  pages.BasePage - Otwieram strone CandyMapper
2024-30-02 19:30:13.885 [main] INFO  pages.BasePage - Zamykam popup
2024-30-02 19:30:13.886 [main] INFO  pages.BasePage - Czekam aż element zostanie widoczny: By.xpath: //*[contains(@id, "close-icon")]
2024-30-02 19:30:13.901 [main] INFO  pages.BasePage - Czekam aż można będzie kliknąć element: By.xpath: //*[contains(@id, "close-icon")]
2024-30-02 19:30:13.944 [main] INFO  pages.BasePage - Kliknięto w: By.xpath: //*[contains(@id, "close-icon")]
2024-30-02 19:30:13.945 [main] INFO  pages.BasePage - Wybieram odpowiedni kraj z listy 
2024-30-02 19:30:13.945 [main] INFO  pages.BasePage - Scrolluje do elementu: By.xpath: //span[normalize-space()='Validate Random Dollar Amounts']
2024-30-02 19:30:14.086 [main] INFO  pages.BasePage - Szukam iframe na stronie
2024-30-02 19:30:14.093 [main] INFO  pages.BasePage - Robię swticha na iframe
2024-30-02 19:30:14.101 [main] INFO  pages.BasePage - Pobieram listę dropdown
2024-30-02 19:30:14.110 [main] INFO  pages.BasePage - Sprawdzam listę krajów
2024-30-02 19:30:14.250 [main] INFO  pages.BasePage - Kraj Rutland znajduje się na liście
2024-30-02 19:30:14.259 [main] INFO  pages.BasePage - Wybrano kraj: Rutland
2024-30-02 19:30:14.259 [main] INFO  pages.BasePage - Robię switcha na web
2024-30-02 19:30:25.743 [main] INFO  pages.BasePage - Otwieram strone CandyMapper
2024-30-02 19:30:27.626 [main] INFO  pages.BasePage - Zamykam popup
2024-30-02 19:30:27.628 [main] INFO  pages.BasePage - Czekam aż element zostanie widoczny: By.xpath: //*[contains(@id, "close-icon")]
2024-30-02 19:30:27.644 [main] INFO  pages.BasePage - Czekam aż można będzie kliknąć element: By.xpath: //*[contains(@id, "close-icon")]
2024-30-02 19:30:27.685 [main] INFO  pages.BasePage - Kliknięto w: By.xpath: //*[contains(@id, "close-icon")]
2024-30-02 19:30:27.685 [main] INFO  pages.BasePage - Wybieram odpowiedni kraj z listy 
2024-30-02 19:30:27.685 [main] INFO  pages.BasePage - Scrolluje do elementu: By.xpath: //span[normalize-space()='Validate Random Dollar Amounts']
2024-30-02 19:30:27.817 [main] INFO  pages.BasePage - Szukam iframe na stronie
2024-30-02 19:30:27.824 [main] INFO  pages.BasePage - Robię swticha na iframe
2024-30-02 19:30:27.834 [main] INFO  pages.BasePage - Pobieram listę dropdown
2024-30-02 19:30:27.844 [main] INFO  pages.BasePage - Sprawdzam listę krajów
2024-44-02 19:44:55.217 [main] INFO  pages.BasePage - Otwieram strone CandyMapper
2024-44-02 19:44:55.629 [main] INFO  pages.BasePage - Zamykam popup
2024-44-02 19:44:55.629 [main] INFO  pages.BasePage - Czekam na element: By.xpath: //*[contains(@id, "close-icon")]
2024-44-02 19:44:56.651 [main] INFO  pages.BasePage - Czekam aż można będzie kliknąć element: By.xpath: //*[contains(@id, "close-icon")]
2024-44-02 19:44:56.695 [main] INFO  pages.BasePage - Klikam w: By.xpath: //*[contains(@id, "close-icon")]
2024-44-02 19:44:56.696 [main] INFO  pages.BasePage - Wybieram odpowiedni kraj z listy 
2024-44-02 19:44:56.696 [main] INFO  pages.BasePage - Scrolluje do elementu: By.xpath: //span[normalize-space()='Validate Random Dollar Amounts']
2024-44-02 19:44:56.828 [main] INFO  pages.BasePage - Szukam iframe na stronie
2024-44-02 19:44:56.835 [main] INFO  pages.BasePage - Robię swticha na iframe
2024-44-02 19:44:56.845 [main] INFO  pages.BasePage - Pobieram listę dropdown
2024-44-02 19:44:56.854 [main] INFO  pages.BasePage - Sprawdzam listę krajów
2024-44-02 19:44:56.987 [main] INFO  pages.BasePage - Kraj Rutland znajduje się na liście
2024-44-02 19:44:56.997 [main] INFO  pages.BasePage - Wybrano kraj: Rutland
2024-44-02 19:44:56.997 [main] INFO  pages.BasePage - Robię switcha na web
2024-44-02 19:44:57.000 [main] INFO  pages.BasePage - Otwieram strone CandyMapper
2024-44-02 19:44:57.171 [main] INFO  pages.BasePage - Zamykam popup
2024-44-02 19:44:57.171 [main] INFO  pages.BasePage - Czekam na element: By.xpath: //*[contains(@id, "close-icon")]
2024-45-02 19:45:09.123 [main] INFO  pages.BasePage - Otwieram strone CandyMapper
2024-45-02 19:45:10.404 [main] INFO  pages.BasePage - Zamykam popup
2024-45-02 19:45:10.404 [main] INFO  pages.BasePage - Czekam na element: By.xpath: //*[contains(@id, "close-icon")]
2024-45-02 19:45:10.421 [main] INFO  pages.BasePage - Czekam aż można będzie kliknąć element: By.xpath: //*[contains(@id, "close-icon")]
2024-45-02 19:45:10.462 [main] INFO  pages.BasePage - Klikam w: By.xpath: //*[contains(@id, "close-icon")]
2024-45-02 19:45:10.462 [main] INFO  pages.BasePage - Klikam `Joun us`
2024-45-02 19:45:10.462 [main] INFO  pages.BasePage - Czekam na element: By.cssSelector: a[href='/join-us'].c2-x
2024-45-02 19:45:10.476 [main] INFO  pages.BasePage - Emelent widoczny: By.cssSelector: a[href='/join-us'].c2-x
2024-45-02 19:45:10.480 [main] INFO  pages.BasePage - Czekam aż można będzie kliknąć element: By.cssSelector: a[href='/join-us'].c2-x
2024-45-02 19:45:10.861 [main] INFO  pages.BasePage - Klikam w: By.cssSelector: a[href='/join-us'].c2-x
2024-45-02 19:45:10.861 [main] INFO  pages.BasePage - Klikam `Create account`
2024-45-02 19:45:11.152 [main] INFO  pages.BasePage - Sprawdzam, że `Create account` title jest widoczny
2024-45-02 19:45:11.152 [main] INFO  pages.BasePage - Emelent widoczny: By.xpath: //span[text()="Create Account"]
2024-45-02 19:45:11.158 [main] INFO  pages.BasePage - Pobieram teskt elementu: By.xpath: //span[text()="Create Account"]
2024-45-02 19:45:11.159 [main] INFO  pages.BasePage - Czekam na element: By.xpath: //span[text()="Create Account"]
2024-45-02 19:45:11.168 [main] INFO  pages.BasePage - Pobralem tekst elementu: By.xpath: //span[text()="Create Account"]
2024-45-02 19:45:11.176 [main] INFO  pages.BasePage - Wpusuję first name
2024-45-02 19:45:11.316 [main] INFO  pages.BasePage - Wpisuję last name
2024-45-02 19:45:11.396 [main] INFO  pages.BasePage - Wpisuję email
2024-45-02 19:45:11.487 [main] INFO  pages.BasePage - Wpisuję telefon
2024-45-02 19:45:11.551 [main] INFO  pages.BasePage - Klikam `Create account`
2024-45-02 19:45:11.551 [main] INFO  pages.BasePage - Emelent widoczny: By.xpath: //button[normalize-space()='Create Account']
2024-45-02 19:45:11.557 [main] INFO  pages.BasePage - Czekam aż można będzie kliknąć element: By.xpath: //button[normalize-space()='Create Account']
2024-45-02 19:45:11.593 [main] INFO  pages.BasePage - Klikam w: By.xpath: //button[normalize-space()='Create Account']
2024-45-02 19:45:11.594 [main] INFO  pages.BasePage - Sprawdzam, że `Create account succes screen` jest widoczny
2024-45-02 19:45:11.594 [main] INFO  pages.BasePage - Emelent widoczny: By.xpath: //h4[@role='heading']
2024-45-02 19:45:12.495 [main] INFO  pages.BasePage - Pobieram teskt elementu: By.xpath: //h4[@role='heading']
2024-45-02 19:45:12.495 [main] INFO  pages.BasePage - Czekam na element: By.xpath: //h4[@role='heading']
2024-45-02 19:45:12.512 [main] INFO  pages.BasePage - Pobralem tekst elementu: By.xpath: //h4[@role='heading']
2024-45-02 19:45:13.996 [main] INFO  pages.BasePage - Otwieram strone CandyMapper
2024-45-02 19:45:15.243 [main] INFO  pages.BasePage - Zamykam popup
2024-45-02 19:45:15.245 [main] INFO  pages.BasePage - Czekam na element: By.xpath: //*[contains(@id, "close-icon")]
2024-45-02 19:45:15.264 [main] INFO  pages.BasePage - Czekam aż można będzie kliknąć element: By.xpath: //*[contains(@id, "close-icon")]
2024-45-02 19:45:15.304 [main] INFO  pages.BasePage - Klikam w: By.xpath: //*[contains(@id, "close-icon")]
2024-45-02 19:45:15.305 [main] INFO  pages.BasePage - Klikam `Halloween party`
2024-45-02 19:45:15.305 [main] INFO  pages.BasePage - Emelent widoczny: By.cssSelector: a[href='/halloween-party'].c1-56
2024-45-02 19:45:15.316 [main] INFO  pages.BasePage - Czekam aż można będzie kliknąć element: By.cssSelector: a[href='/halloween-party'].c1-56
2024-45-02 19:45:15.631 [main] INFO  pages.BasePage - Klikam w: By.cssSelector: a[href='/halloween-party'].c1-56
2024-45-02 19:45:15.631 [main] INFO  pages.BasePage - Spawdzam, że `Hallowen party title` jest widoczny
2024-45-02 19:45:15.631 [main] INFO  pages.BasePage - Emelent widoczny: By.xpath: //h1[@role='heading']
2024-45-02 19:45:15.637 [main] INFO  pages.BasePage - Pobieram teskt elementu: By.xpath: //h1[@role='heading']
2024-45-02 19:45:15.637 [main] INFO  pages.BasePage - Czekam na element: By.xpath: //h1[@role='heading']
2024-45-02 19:45:15.654 [main] INFO  pages.BasePage - Pobralem tekst elementu: By.xpath: //h1[@role='heading']
2024-45-02 19:45:15.661 [main] INFO  pages.BasePage - Klikam CTA `Hosting party`
2024-45-02 19:45:15.662 [main] INFO  pages.BasePage - Emelent widoczny: By.xpath: //a[text()="I Am Hosting A Party"]
2024-45-02 19:45:15.667 [main] INFO  pages.BasePage - Czekam aż można będzie kliknąć element: By.xpath: //a[text()="I Am Hosting A Party"]
2024-45-02 19:45:15.977 [main] INFO  pages.BasePage - Klikam w: By.xpath: //a[text()="I Am Hosting A Party"]
2024-45-02 19:45:15.977 [main] INFO  pages.BasePage - Spawdzam tytul `Party theme`
2024-45-02 19:45:15.977 [main] INFO  pages.BasePage - Czekam na element: By.xpath: //h1[@role='heading']
2024-45-02 19:45:15.986 [main] INFO  pages.BasePage - Pobieram teskt elementu: By.xpath: //h1[@role='heading']
2024-45-02 19:45:15.986 [main] INFO  pages.BasePage - Czekam na element: By.xpath: //h1[@role='heading']
2024-45-02 19:45:15.996 [main] INFO  pages.BasePage - Pobralem tekst elementu: By.xpath: //h1[@role='heading']
2024-45-02 19:45:15.999 [main] INFO  pages.BasePage - Klikam CTA `Zombies`
2024-45-02 19:45:16.000 [main] INFO  pages.BasePage - Emelent widoczny: By.xpath: //a[text()="Zombies"]
2024-45-02 19:45:16.004 [main] INFO  pages.BasePage - Czekam aż można będzie kliknąć element: By.xpath: //a[text()="Zombies"]
2024-45-02 19:45:16.242 [main] INFO  pages.BasePage - Klikam w: By.xpath: //a[text()="Zombies"]
2024-45-02 19:45:16.242 [main] INFO  pages.BasePage - Sprawdzenie tytulu strony
2024-45-02 19:45:16.242 [main] INFO  pages.BasePage - Emelent widoczny: By.xpath: //span[text()="Are you bringing any guests?"]
2024-45-02 19:45:16.248 [main] INFO  pages.BasePage - Pobieram teskt elementu: By.xpath: //span[text()="Are you bringing any guests?"]
2024-45-02 19:45:16.248 [main] INFO  pages.BasePage - Czekam na element: By.xpath: //span[text()="Are you bringing any guests?"]
2024-45-02 19:45:16.260 [main] INFO  pages.BasePage - Pobralem tekst elementu: By.xpath: //span[text()="Are you bringing any guests?"]
2024-45-02 19:45:16.263 [main] INFO  pages.BasePage - Wpisuję email
2024-45-02 19:45:16.264 [main] INFO  pages.BasePage - Scrolluje do elementu: By.xpath: //input[@role="textbox"]
2024-45-02 19:45:16.535 [main] INFO  pages.BasePage - Klikam w CTA `Remind me`
2024-45-02 19:45:16.535 [main] INFO  pages.BasePage - Emelent widoczny: By.xpath: //button[@type='submit']
2024-45-02 19:45:16.543 [main] INFO  pages.BasePage - Czekam aż można będzie kliknąć element: By.xpath: //button[@type='submit']
2024-45-02 19:45:16.587 [main] INFO  pages.BasePage - Klikam w: By.xpath: //button[@type='submit']
2024-45-02 19:45:16.587 [main] INFO  pages.BasePage - Srawdzam potwierdzenie po wpisaniu maila
2024-45-02 19:45:16.587 [main] INFO  pages.BasePage - Emelent widoczny: By.xpath: //p[@data-aid="CONFIRM_TEXT_REND"]
2024-45-02 19:45:16.595 [main] INFO  pages.BasePage - Pobieram teskt elementu: By.xpath: //p[@data-aid="CONFIRM_TEXT_REND"]
2024-45-02 19:45:16.596 [main] INFO  pages.BasePage - Czekam na element: By.xpath: //p[@data-aid="CONFIRM_TEXT_REND"]
2024-45-02 19:45:16.607 [main] INFO  pages.BasePage - Pobralem tekst elementu: By.xpath: //p[@data-aid="CONFIRM_TEXT_REND"]
2024-45-02 19:45:18.107 [main] INFO  pages.BasePage - Otwieram strone CandyMapper
2024-45-02 19:45:19.424 [main] INFO  pages.BasePage - Zamykam popup
2024-45-02 19:45:19.426 [main] INFO  pages.BasePage - Czekam na element: By.xpath: //*[contains(@id, "close-icon")]
2024-45-02 19:45:19.444 [main] INFO  pages.BasePage - Czekam aż można będzie kliknąć element: By.xpath: //*[contains(@id, "close-icon")]
2024-45-02 19:45:19.487 [main] INFO  pages.BasePage - Klikam w: By.xpath: //*[contains(@id, "close-icon")]
2024-45-02 19:45:19.487 [main] INFO  pages.BasePage - Klikam `Joun us`
2024-45-02 19:45:19.487 [main] INFO  pages.BasePage - Czekam na element: By.cssSelector: a[href='/join-us'].c2-x
2024-45-02 19:45:19.502 [main] INFO  pages.BasePage - Emelent widoczny: By.cssSelector: a[href='/join-us'].c2-x
2024-45-02 19:45:19.505 [main] INFO  pages.BasePage - Czekam aż można będzie kliknąć element: By.cssSelector: a[href='/join-us'].c2-x
2024-45-02 19:45:19.870 [main] INFO  pages.BasePage - Klikam w: By.cssSelector: a[href='/join-us'].c2-x
2024-45-02 19:45:19.870 [main] INFO  pages.BasePage - Klikam submit
2024-45-02 19:45:19.900 [main] INFO  pages.BasePage - Sprawdzam komunikat walidacyjny dla maila
2024-45-02 19:45:19.900 [main] INFO  pages.BasePage - Czekam na element: By.xpath: //p[normalize-space()='Enter a valid email address.']
2024-45-02 19:45:19.911 [main] INFO  pages.BasePage - Pobieram teskt elementu: By.xpath: //p[normalize-space()='Enter a valid email address.']
2024-45-02 19:45:19.911 [main] INFO  pages.BasePage - Czekam na element: By.xpath: //p[normalize-space()='Enter a valid email address.']
2024-45-02 19:45:19.921 [main] INFO  pages.BasePage - Pobralem tekst elementu: By.xpath: //p[normalize-space()='Enter a valid email address.']
2024-45-02 19:45:19.928 [main] INFO  pages.BasePage - Sprawdzam komunikat walidacyjny dla hasła
2024-45-02 19:45:19.928 [main] INFO  pages.BasePage - Czekam na element: By.xpath: //p[contains(text(),'Passwords can’t be nothing.')]
2024-45-02 19:45:19.936 [main] INFO  pages.BasePage - Pobieram teskt elementu: By.xpath: //p[contains(text(),'Passwords can’t be nothing.')]
2024-45-02 19:45:19.936 [main] INFO  pages.BasePage - Czekam na element: By.xpath: //p[contains(text(),'Passwords can’t be nothing.')]
2024-45-02 19:45:19.947 [main] INFO  pages.BasePage - Pobralem tekst elementu: By.xpath: //p[contains(text(),'Passwords can’t be nothing.')]
2024-45-02 19:45:21.417 [main] INFO  pages.BasePage - Otwieram strone CandyMapper
2024-45-02 19:45:22.629 [main] INFO  pages.BasePage - Zamykam popup
2024-45-02 19:45:22.630 [main] INFO  pages.BasePage - Czekam na element: By.xpath: //*[contains(@id, "close-icon")]
2024-45-02 19:45:22.646 [main] INFO  pages.BasePage - Czekam aż można będzie kliknąć element: By.xpath: //*[contains(@id, "close-icon")]
2024-45-02 19:45:22.687 [main] INFO  pages.BasePage - Klikam w: By.xpath: //*[contains(@id, "close-icon")]
2024-45-02 19:45:22.687 [main] INFO  pages.BasePage - Sprawdzam tytul `Sharing to social media`
2024-45-02 19:45:22.687 [main] INFO  pages.BasePage - Scrolluje do elementu: By.xpath: //span[normalize-space()='Connect with us on Social Media']
2024-45-02 19:45:22.815 [main] INFO  pages.BasePage - Emelent widoczny: By.xpath: //span[normalize-space()='Connect with us on Social Media']
2024-45-02 19:45:22.820 [main] INFO  pages.BasePage - Pobieram teskt elementu: By.xpath: //span[normalize-space()='Connect with us on Social Media']
2024-45-02 19:45:22.820 [main] INFO  pages.BasePage - Czekam na element: By.xpath: //span[normalize-space()='Connect with us on Social Media']
2024-45-02 19:45:22.831 [main] INFO  pages.BasePage - Pobralem tekst elementu: By.xpath: //span[normalize-space()='Connect with us on Social Media']
2024-45-02 19:45:22.837 [main] INFO  pages.BasePage - Sprawdzam link facebook
2024-45-02 19:45:22.837 [main] INFO  pages.BasePage - Scrolluje do elementu: By.xpath: //a[@aria-label="Facebook Social Link"]
2024-45-02 19:45:22.958 [main] INFO  pages.BasePage - Emelent widoczny: By.xpath: //a[@aria-label="Facebook Social Link"]
2024-45-02 19:45:22.967 [main] INFO  pages.BasePage - Pobieram link
2024-45-02 19:45:22.972 [main] INFO  pages.BasePage - Sprawdzam, że link nie jest null
2024-45-02 19:45:22.973 [main] INFO  pages.BasePage - Sprawdzam request
2024-45-02 19:45:23.157 [main] INFO  pages.BasePage - Pobieram kod odpowiedzi
2024-45-02 19:45:23.779 [main] INFO  pages.BasePage - Sprawdzam link instgram
2024-45-02 19:45:23.779 [main] INFO  pages.BasePage - Scrolluje do elementu: By.xpath: //a[@aria-label="Instagram Social Link"]
2024-45-02 19:45:23.909 [main] INFO  pages.BasePage - Emelent widoczny: By.xpath: //a[@aria-label="Instagram Social Link"]
2024-45-02 19:45:23.922 [main] INFO  pages.BasePage - Pobieram link
2024-45-02 19:45:23.926 [main] INFO  pages.BasePage - Sprawdzam, że link nie jest null
2024-45-02 19:45:23.927 [main] INFO  pages.BasePage - Sprawdzam request
2024-45-02 19:45:24.046 [main] INFO  pages.BasePage - Pobieram kod odpowiedzi
2024-45-02 19:45:24.544 [main] INFO  pages.BasePage - Sprawdzam link linkedin
2024-45-02 19:45:24.544 [main] INFO  pages.BasePage - Scrolluje do elementu: By.xpath: //a[@aria-label="LinkedIn Social Link"]
2024-45-02 19:45:24.677 [main] INFO  pages.BasePage - Emelent widoczny: By.xpath: //a[@aria-label="LinkedIn Social Link"]
2024-45-02 19:45:24.685 [main] INFO  pages.BasePage - Pobieram link
2024-45-02 19:45:24.688 [main] INFO  pages.BasePage - Sprawdzam, że link nie jest null
2024-45-02 19:45:24.688 [main] INFO  pages.BasePage - Sprawdzam request
2024-45-02 19:45:24.906 [main] INFO  pages.BasePage - Pobieram kod odpowiedzi
2024-57-10 14:57:02.886 [main] INFO  pages.BasePage - Otwieram strone CandyMapper
2024-57-10 14:57:04.156 [main] INFO  pages.BasePage - Zamykam popup
2024-57-10 14:57:04.157 [main] INFO  pages.BasePage - Czekam na element: By.xpath: //*[contains(@id, "close-icon")]
2024-57-10 14:57:04.174 [main] INFO  pages.BasePage - Czekam aż można będzie kliknąć element: By.xpath: //*[contains(@id, "close-icon")]
2024-57-10 14:57:04.211 [main] INFO  pages.BasePage - Klikam w: By.xpath: //*[contains(@id, "close-icon")]
2024-57-10 14:57:04.211 [main] INFO  pages.BasePage - Sprawdzam tytul `Sharing to social media`
2024-57-10 14:57:04.211 [main] INFO  pages.BasePage - Scrolluje do elementu: By.xpath: //span[normalize-space()='Connect with us on Social Media']
2024-57-10 14:57:04.345 [main] INFO  pages.BasePage - Emelent widoczny: By.xpath: //span[normalize-space()='Connect with us on Social Media']
2024-57-10 14:57:04.350 [main] INFO  pages.BasePage - Pobieram teskt elementu: By.xpath: //span[normalize-space()='Connect with us on Social Media']
2024-57-10 14:57:04.350 [main] INFO  pages.BasePage - Czekam na element: By.xpath: //span[normalize-space()='Connect with us on Social Media']
2024-57-10 14:57:04.363 [main] INFO  pages.BasePage - Pobralem tekst elementu: By.xpath: //span[normalize-space()='Connect with us on Social Media']
2024-57-10 14:57:04.370 [main] INFO  pages.BasePage - Sprawdzam link facebook
2024-57-10 14:57:04.371 [main] INFO  pages.BasePage - Scrolluje do elementu: By.xpath: //a[@aria-label="Facebook Social Link"]
2024-57-10 14:57:04.493 [main] INFO  pages.BasePage - Emelent widoczny: By.xpath: //a[@aria-label="Facebook Social Link"]
2024-57-10 14:57:04.502 [main] INFO  pages.BasePage - Pobieram link
2024-57-10 14:57:04.507 [main] INFO  pages.BasePage - Sprawdzam, że link nie jest null
2024-57-10 14:57:04.509 [main] INFO  pages.BasePage - Sprawdzam request
2024-57-10 14:57:04.683 [main] INFO  pages.BasePage - Pobieram kod odpowiedzi
2024-57-10 14:57:05.443 [main] INFO  pages.BasePage - Valid link: https://www.facebook.com/209696008899011 - Response Code: 200
2024-57-10 14:57:05.444 [main] INFO  pages.BasePage - Sprawdzam link instgram
2024-57-10 14:57:05.444 [main] INFO  pages.BasePage - Scrolluje do elementu: By.xpath: //a[@aria-label="Instagram Social Link"]
2024-57-10 14:57:05.559 [main] INFO  pages.BasePage - Emelent widoczny: By.xpath: //a[@aria-label="Instagram Social Link"]
2024-57-10 14:57:05.568 [main] INFO  pages.BasePage - Pobieram link
2024-57-10 14:57:05.572 [main] INFO  pages.BasePage - Sprawdzam, że link nie jest null
2024-57-10 14:57:05.572 [main] INFO  pages.BasePage - Sprawdzam request
2024-57-10 14:57:05.684 [main] INFO  pages.BasePage - Pobieram kod odpowiedzi
2024-57-10 14:57:06.052 [main] INFO  pages.BasePage - Valid link: https://www.instagram.com/qtpmgrossman - Response Code: 200
2024-57-10 14:57:06.052 [main] INFO  pages.BasePage - Sprawdzam link linkedin
2024-57-10 14:57:06.052 [main] INFO  pages.BasePage - Scrolluje do elementu: By.xpath: //a[@aria-label="LinkedIn Social Link"]
2024-57-10 14:57:06.189 [main] INFO  pages.BasePage - Emelent widoczny: By.xpath: //a[@aria-label="LinkedIn Social Link"]
2024-57-10 14:57:06.199 [main] INFO  pages.BasePage - Pobieram link
2024-57-10 14:57:06.202 [main] INFO  pages.BasePage - Sprawdzam, że link nie jest null
2024-57-10 14:57:06.203 [main] INFO  pages.BasePage - Sprawdzam request
2024-57-10 14:57:06.387 [main] INFO  pages.BasePage - Pobieram kod odpowiedzi
2024-57-10 14:57:06.558 [main] ERROR pages.BasePage - Link is broken. HTTP Status code: 999
2024-57-10 14:57:06.558 [main] INFO  pages.BasePage - Sprawdzam link pinterest 
2024-57-10 14:57:06.558 [main] INFO  pages.BasePage - Scrolluje do elementu: By.xpath: //a[@aria-label="Pinterest Social Link"]
2024-57-10 14:57:06.677 [main] INFO  pages.BasePage - Emelent widoczny: By.xpath: //a[@aria-label="Pinterest Social Link"]
2024-57-10 14:57:06.686 [main] INFO  pages.BasePage - Pobieram link
2024-57-10 14:57:06.689 [main] INFO  pages.BasePage - Sprawdzam, że link nie jest null
2024-57-10 14:57:06.689 [main] INFO  pages.BasePage - Sprawdzam request
2024-57-10 14:57:07.529 [main] INFO  pages.BasePage - Pobieram kod odpowiedzi
2024-57-10 14:57:08.236 [main] INFO  pages.BasePage - Valid link: https://www.pinterest.com/paulgrossman/candymapper/ - Response Code: 200
2024-57-10 14:57:08.237 [main] INFO  pages.BasePage - Sprawdzam link twitter
2024-57-10 14:57:08.237 [main] INFO  pages.BasePage - Scrolluje do elementu: By.xpath: //a[@aria-label="Twitter Social Link"]
2024-57-10 14:57:08.378 [main] INFO  pages.BasePage - Emelent widoczny: By.xpath: //a[@aria-label="Twitter Social Link"]
2024-57-10 14:57:08.394 [main] INFO  pages.BasePage - Pobieram link
2024-57-10 14:57:08.399 [main] INFO  pages.BasePage - Sprawdzam, że link nie jest null
2024-57-10 14:57:08.399 [main] INFO  pages.BasePage - Sprawdzam request
2024-57-10 14:57:12.905 [main] INFO  pages.BasePage - Pobieram kod odpowiedzi
2024-57-10 14:57:13.624 [main] ERROR pages.BasePage - Link is broken. HTTP Status code: 403
2024-57-10 14:57:13.624 [main] INFO  pages.BasePage - Sprawdzam link youtube
2024-57-10 14:57:13.625 [main] INFO  pages.BasePage - Scrolluje do elementu: By.xpath: //a[@aria-label="YouTube Social Link"]
2024-57-10 14:57:13.763 [main] INFO  pages.BasePage - Emelent widoczny: By.xpath: //a[@aria-label="YouTube Social Link"]
2024-57-10 14:57:13.777 [main] INFO  pages.BasePage - Pobieram link
2024-57-10 14:57:13.782 [main] INFO  pages.BasePage - Sprawdzam, że link nie jest null
2024-57-10 14:57:13.784 [main] INFO  pages.BasePage - Sprawdzam request
2024-57-10 14:57:13.941 [main] INFO  pages.BasePage - Pobieram kod odpowiedzi
2024-57-10 14:57:14.263 [main] INFO  pages.BasePage - Valid link: https://www.youtube.com/PaulGrossmanTheDarkArtsWizard - Response Code: 200
2024-57-10 14:57:46.948 [main] INFO  pages.BasePage - Otwieram strone CandyMapper
2024-57-10 14:57:48.197 [main] INFO  pages.BasePage - Zamykam popup
2024-57-10 14:57:48.200 [main] INFO  pages.BasePage - Czekam na element: By.xpath: //*[contains(@id, "close-icon")]
2024-57-10 14:57:48.217 [main] INFO  pages.BasePage - Czekam aż można będzie kliknąć element: By.xpath: //*[contains(@id, "close-icon")]
2024-57-10 14:57:48.256 [main] INFO  pages.BasePage - Klikam w: By.xpath: //*[contains(@id, "close-icon")]
2024-57-10 14:57:48.256 [main] INFO  pages.BasePage - Sprawdzam tytul `Sharing to social media`
2024-57-10 14:57:48.256 [main] INFO  pages.BasePage - Scrolluje do elementu: By.xpath: //span[normalize-space()='Connect with us on Social Media']
2024-57-10 14:57:48.394 [main] INFO  pages.BasePage - Emelent widoczny: By.xpath: //span[normalize-space()='Connect with us on Social Media']
2024-57-10 14:57:48.398 [main] INFO  pages.BasePage - Pobieram teskt elementu: By.xpath: //span[normalize-space()='Connect with us on Social Media']
2024-57-10 14:57:48.399 [main] INFO  pages.BasePage - Czekam na element: By.xpath: //span[normalize-space()='Connect with us on Social Media']
2024-57-10 14:57:48.412 [main] INFO  pages.BasePage - Pobralem tekst elementu: By.xpath: //span[normalize-space()='Connect with us on Social Media']
2024-57-10 14:57:48.419 [main] INFO  pages.BasePage - Sprawdzam link facebook
2024-57-10 14:57:48.419 [main] INFO  pages.BasePage - Scrolluje do elementu: By.xpath: //a[@aria-label="Facebook Social Link"]
2024-57-10 14:57:48.547 [main] INFO  pages.BasePage - Emelent widoczny: By.xpath: //a[@aria-label="Facebook Social Link"]
2024-57-10 14:57:48.555 [main] INFO  pages.BasePage - Pobieram link
2024-57-10 14:57:48.561 [main] INFO  pages.BasePage - Sprawdzam, że link nie jest null
2024-57-10 14:57:48.561 [main] INFO  pages.BasePage - Sprawdzam request
2024-57-10 14:57:48.680 [main] INFO  pages.BasePage - Pobieram kod odpowiedzi
2024-57-10 14:57:49.344 [main] INFO  pages.BasePage - Sprawdzam link instgram
2024-57-10 14:57:49.345 [main] INFO  pages.BasePage - Scrolluje do elementu: By.xpath: //a[@aria-label="Instagram Social Link"]
2024-57-10 14:57:49.481 [main] INFO  pages.BasePage - Emelent widoczny: By.xpath: //a[@aria-label="Instagram Social Link"]
2024-57-10 14:57:49.490 [main] INFO  pages.BasePage - Pobieram link
2024-57-10 14:57:49.494 [main] INFO  pages.BasePage - Sprawdzam, że link nie jest null
2024-57-10 14:57:49.494 [main] INFO  pages.BasePage - Sprawdzam request
2024-57-10 14:57:49.611 [main] INFO  pages.BasePage - Pobieram kod odpowiedzi
2024-57-10 14:57:49.888 [main] INFO  pages.BasePage - Sprawdzam link linkedin
2024-57-10 14:57:49.888 [main] INFO  pages.BasePage - Scrolluje do elementu: By.xpath: //a[@aria-label="LinkedIn Social Link"]
2024-57-10 14:57:50.014 [main] INFO  pages.BasePage - Emelent widoczny: By.xpath: //a[@aria-label="LinkedIn Social Link"]
2024-57-10 14:57:50.025 [main] INFO  pages.BasePage - Pobieram link
2024-57-10 14:57:50.028 [main] INFO  pages.BasePage - Sprawdzam, że link nie jest null
2024-57-10 14:57:50.028 [main] INFO  pages.BasePage - Sprawdzam request
2024-57-10 14:57:50.138 [main] INFO  pages.BasePage - Pobieram kod odpowiedzi
2024-21-10 15:21:19.826 [main] INFO  pages.BasePage - Otwieram strone CandyMapper
2024-21-10 15:21:20.909 [main] INFO  pages.BasePage - Zamykam popup
2024-21-10 15:21:20.910 [main] INFO  pages.BasePage - Czekam na element: By.xpath: //*[contains(@id, "close-icon")]
2024-21-10 15:21:20.928 [main] INFO  pages.BasePage - Czekam aż można będzie kliknąć element: By.xpath: //*[contains(@id, "close-icon")]
2024-21-10 15:21:20.968 [main] INFO  pages.BasePage - Klikam w: By.xpath: //*[contains(@id, "close-icon")]
2024-21-10 15:21:20.969 [main] INFO  pages.BasePage - Wybieram odpowiedni kraj z listy 
2024-21-10 15:21:20.969 [main] INFO  pages.BasePage - Scrolluje do elementu: By.xpath: //span[normalize-space()='Validate Random Dollar Amounts']
2024-21-10 15:21:21.101 [main] INFO  pages.BasePage - Szukam iframe na stronie
2024-21-10 15:21:21.108 [main] INFO  pages.BasePage - Robię swticha na iframe
2024-21-10 15:21:21.118 [main] INFO  pages.BasePage - Pobieram listę dropdown
2024-21-10 15:21:21.127 [main] INFO  pages.BasePage - Sprawdzam listę krajów
2024-21-10 15:21:21.260 [main] INFO  pages.BasePage - Kraj Rutland znajduje się na liście
2024-21-10 15:21:21.270 [main] INFO  pages.BasePage - Wybrano kraj: Rutland
2024-21-10 15:21:21.270 [main] INFO  pages.BasePage - Robię switcha na web
2024-21-10 15:21:33.944 [main] INFO  pages.BasePage - Otwieram strone CandyMapper
2024-21-10 15:21:36.176 [main] INFO  pages.BasePage - Zamykam popup
2024-21-10 15:21:36.176 [main] INFO  pages.BasePage - Czekam na element: By.xpath: //*[contains(@id, "close-icon")]
2024-21-10 15:21:36.193 [main] INFO  pages.BasePage - Czekam aż można będzie kliknąć element: By.xpath: //*[contains(@id, "close-icon")]
2024-21-10 15:21:36.229 [main] INFO  pages.BasePage - Klikam w: By.xpath: //*[contains(@id, "close-icon")]
2024-21-10 15:21:36.230 [main] INFO  pages.BasePage - Wybieram odpowiedni kraj z listy 
2024-21-10 15:21:36.230 [main] INFO  pages.BasePage - Scrolluje do elementu: By.xpath: //span[normalize-space()='Validate Random Dollar Amounts']
2024-21-10 15:21:36.365 [main] INFO  pages.BasePage - Szukam iframe na stronie
2024-21-10 15:21:36.371 [main] INFO  pages.BasePage - Robię swticha na iframe
2024-21-10 15:21:36.381 [main] INFO  pages.BasePage - Pobieram listę dropdown
2024-21-10 15:21:36.390 [main] INFO  pages.BasePage - Sprawdzam listę krajów
